WARN  [2014-04-12 20:49:36,501] com.yammer.dropwizard.config.ServerFactory: 
!!!!!!!!!!!!!!!!!!!!!!!!!!!!!!!!!!!!!!!!!!!!!!!!!!!!!!!!!!!!!!!!!!!!!!!!!!!!!!!!
!!!!!!!!!!!!!!!!!!!!!!!!!!!!!!!!!!!!!!!!!!!!!!!!!!!!!!!!!!!!!!!!!!!!!!!!!!!!!!!!
!    THIS SERVICE HAS NO HEALTHCHECKS. THIS MEANS YOU WILL NEVER KNOW IF IT    !
!    DIES IN PRODUCTION, WHICH MEANS YOU WILL NEVER KNOW IF YOU'RE LETTING     !
!     YOUR USERS DOWN. YOU SHOULD ADD A HEALTHCHECK FOR EACH DEPENDENCY OF     !
!     YOUR SERVICE WHICH FULLY (BUT LIGHTLY) TESTS YOUR SERVICE'S ABILITY TO   !
!      USE THAT SERVICE. THINK OF IT AS A CONTINUOUS INTEGRATION TEST.         !
!!!!!!!!!!!!!!!!!!!!!!!!!!!!!!!!!!!!!!!!!!!!!!!!!!!!!!!!!!!!!!!!!!!!!!!!!!!!!!!!
!!!!!!!!!!!!!!!!!!!!!!!!!!!!!!!!!!!!!!!!!!!!!!!!!!!!!!!!!!!!!!!!!!!!!!!!!!!!!!!!
INFO  [2014-04-12 20:49:36,600] com.yammer.dropwizard.cli.ServerCommand: Starting sms-voting-service
INFO  [2014-04-12 20:49:36,603] org.eclipse.jetty.server.Server: jetty-8.1.10.v20130312
INFO  [2014-04-12 20:49:36,745] com.sun.jersey.server.impl.application.WebApplicationImpl: Initiating Jersey application, version 'Jersey: 1.17.1 02/28/2013 12:47 PM'
INFO  [2014-04-12 20:49:36,854] com.yammer.dropwizard.config.Environment: The following paths were found for the configured resources:

    DELETE  /sms-voting/v1/admin/polls/{id} (edu.sjsu.cmpe.voting.resources.ModeratorPollResource)
    GET     /sms-voting/v1/admin/polls (edu.sjsu.cmpe.voting.resources.ModeratorPollResource)
    GET     /sms-voting/v1/admin/polls/{id} (edu.sjsu.cmpe.voting.resources.ModeratorPollResource)
    POST    /sms-voting/v1/admin/polls (edu.sjsu.cmpe.voting.resources.ModeratorPollResource)
    GET     /sms-voting/v1/user/polls (edu.sjsu.cmpe.voting.resources.UserPollResource)
    GET     /sms-voting/v1/user/polls/{id} (edu.sjsu.cmpe.voting.resources.UserPollResource)
    PUT     /sms-voting/v1/user/polls/{id} (edu.sjsu.cmpe.voting.resources.UserPollResource)
    GET     /sms-voting/ (edu.sjsu.cmpe.voting.ui.resources.UserResource)

INFO  [2014-04-12 20:49:36,854] com.yammer.dropwizard.config.Environment: tasks = 

    POST    /tasks/gc (com.yammer.dropwizard.tasks.GarbageCollectionTask)

INFO  [2014-04-12 20:49:37,315] org.eclipse.jetty.server.AbstractConnector: Started InstrumentedBlockingChannelConnector@0.0.0.0:8080
INFO  [2014-04-12 20:49:37,320] org.eclipse.jetty.server.AbstractConnector: Started SocketConnector@0.0.0.0:8081
INFO  [2014-04-12 20:49:54,490] com.sun.jersey.api.container.filter.LoggingFilter: 1 * Server in-bound request
1 > POST http://localhost:8080/sms-voting/v1/admin/polls
1 > Host: localhost:8080
1 > Accept: */*
1 > Postman-Token: 9a62e33a-5a05-be40-ef59-94c4fd00067a
1 > Content-Length: 129
1 > Content-Type: application/json
1 > Accept-Language: en-US,en;q=0.8
1 > User-Agent: Mozilla/5.0 (Macintosh; Intel Mac OS X 10_8_5) AppleWebKit/537.36 (KHTML, like Gecko) Chrome/33.0.1750.152 Safari/537.36
1 > Connection: keep-alive
1 > Cache-Control: no-cache
1 > Accept-Encoding: gzip,deflate,sdch
1 > Origin: chrome-extension://fhbjgbiflinjbdggehcddcbncdddomop
1 > 
{
 "question" : "What is your favorite drink?",
 "choices" : [
         { "option" : "Water" },
         {"option" : "Juice"} ]
}

INFO  [2014-04-12 20:49:54,614] com.sun.jersey.api.container.filter.LoggingFilter: 1 * Server out-bound response
1 < 200
1 < Content-Type: application/json
1 < 
{"polls":[{"rel":"view-all-polls","href":"/polls","method":"GET"},{"rel":"view-poll","href":"/polls/83a6","method":"GET"}]}

INFO  [2014-04-12 20:50:24,189] com.sun.jersey.api.container.filter.LoggingFilter: 2 * Server in-bound request
2 > GET http://localhost:8080/sms-voting/v1/admin/polls/83a6
2 > Host: localhost:8080
2 > Accept: */*
2 > Postman-Token: 59c045f6-d53c-833d-e091-72885c254cf4
2 > Content-Type: application/json
2 > Accept-Language: en-US,en;q=0.8
2 > User-Agent: Mozilla/5.0 (Macintosh; Intel Mac OS X 10_8_5) AppleWebKit/537.36 (KHTML, like Gecko) Chrome/33.0.1750.152 Safari/537.36
2 > Connection: keep-alive
2 > Cache-Control: no-cache
2 > Accept-Encoding: gzip,deflate,sdch
2 > 

INFO  [2014-04-12 20:50:24,191] com.sun.jersey.api.container.filter.LoggingFilter: 2 * Server out-bound response
2 < 400
2 < Content-Type: text/plain
2 < 
"83a6" is not a number.

INFO  [2014-04-12 20:51:25,774] com.sun.jersey.api.container.filter.LoggingFilter: 3 * Server in-bound request
3 > POST http://localhost:8080/sms-voting/v1/admin/polls
3 > Host: localhost:8080
3 > Accept: */*
3 > Postman-Token: 99e633f5-cdbe-b57a-d297-ded05787d947
3 > Content-Length: 132
3 > Content-Type: application/json
3 > Accept-Language: en-US,en;q=0.8
3 > User-Agent: Mozilla/5.0 (Macintosh; Intel Mac OS X 10_8_5) AppleWebKit/537.36 (KHTML, like Gecko) Chrome/33.0.1750.152 Safari/537.36
3 > Connection: keep-alive
3 > Cache-Control: no-cache
3 > Accept-Encoding: gzip,deflate,sdch
3 > Origin: chrome-extension://fhbjgbiflinjbdggehcddcbncdddomop
3 > 
{
 "question" : "What is your favorite color?",
 "choices" : [
         { "option" : "Red" },
         {"option" : "White"}
   	 ]
}

INFO  [2014-04-12 20:51:25,775] com.sun.jersey.api.container.filter.LoggingFilter: 3 * Server out-bound response
3 < 200
3 < Content-Type: application/json
3 < 
{"polls":[{"rel":"view-all-polls","href":"/polls","method":"GET"},{"rel":"view-poll","href":"/polls/c3ce","method":"GET"}]}

INFO  [2014-04-12 20:51:51,508] com.sun.jersey.api.container.filter.LoggingFilter: 4 * Server in-bound request
4 > GET http://localhost:8080/sms-voting/v1/admin/polls/c3ce
4 > Host: localhost:8080
4 > Accept: */*
4 > Postman-Token: 7e159d33-d87a-080e-2baa-b3a9fe35372c
4 > Content-Type: application/json
4 > Accept-Language: en-US,en;q=0.8
4 > User-Agent: Mozilla/5.0 (Macintosh; Intel Mac OS X 10_8_5) AppleWebKit/537.36 (KHTML, like Gecko) Chrome/33.0.1750.152 Safari/537.36
4 > Connection: keep-alive
4 > Cache-Control: no-cache
4 > Accept-Encoding: gzip,deflate,sdch
4 > 

INFO  [2014-04-12 20:51:51,509] com.sun.jersey.api.container.filter.LoggingFilter: 4 * Server out-bound response
4 < 400
4 < Content-Type: text/plain
4 < 
"c3ce" is not a number.

INFO  [2014-04-12 20:56:16,563] org.eclipse.jetty.server.Server: Graceful shutdown SocketConnector@0.0.0.0:8081
INFO  [2014-04-12 20:56:16,564] org.eclipse.jetty.server.Server: Graceful shutdown InstrumentedBlockingChannelConnector@0.0.0.0:8080
INFO  [2014-04-12 20:56:16,565] org.eclipse.jetty.server.Server: Graceful shutdown o.e.j.s.ServletContextHandler{/,null}
INFO  [2014-04-12 20:56:16,565] org.eclipse.jetty.server.Server: Graceful shutdown o.e.j.s.ServletContextHandler{/,file:/Users/minu/Documents/workspace-sts-3.4.0.RELEASE/sms-voting-service/target/classes/}
INFO  [2014-04-12 20:56:18,619] org.eclipse.jetty.server.handler.ContextHandler: stopped o.e.j.s.ServletContextHandler{/,file:/Users/minu/Documents/workspace-sts-3.4.0.RELEASE/sms-voting-service/target/classes/}
INFO  [2014-04-12 20:56:18,619] org.eclipse.jetty.server.handler.ContextHandler: stopped o.e.j.s.ServletContextHandler{/,null}
WARN  [2014-04-12 20:56:20,944] com.yammer.dropwizard.config.ServerFactory: 
!!!!!!!!!!!!!!!!!!!!!!!!!!!!!!!!!!!!!!!!!!!!!!!!!!!!!!!!!!!!!!!!!!!!!!!!!!!!!!!!
!!!!!!!!!!!!!!!!!!!!!!!!!!!!!!!!!!!!!!!!!!!!!!!!!!!!!!!!!!!!!!!!!!!!!!!!!!!!!!!!
!    THIS SERVICE HAS NO HEALTHCHECKS. THIS MEANS YOU WILL NEVER KNOW IF IT    !
!    DIES IN PRODUCTION, WHICH MEANS YOU WILL NEVER KNOW IF YOU'RE LETTING     !
!     YOUR USERS DOWN. YOU SHOULD ADD A HEALTHCHECK FOR EACH DEPENDENCY OF     !
!     YOUR SERVICE WHICH FULLY (BUT LIGHTLY) TESTS YOUR SERVICE'S ABILITY TO   !
!      USE THAT SERVICE. THINK OF IT AS A CONTINUOUS INTEGRATION TEST.         !
!!!!!!!!!!!!!!!!!!!!!!!!!!!!!!!!!!!!!!!!!!!!!!!!!!!!!!!!!!!!!!!!!!!!!!!!!!!!!!!!
!!!!!!!!!!!!!!!!!!!!!!!!!!!!!!!!!!!!!!!!!!!!!!!!!!!!!!!!!!!!!!!!!!!!!!!!!!!!!!!!
INFO  [2014-04-12 20:56:21,025] com.yammer.dropwizard.cli.ServerCommand: Starting sms-voting-service
INFO  [2014-04-12 20:56:21,027] org.eclipse.jetty.server.Server: jetty-8.1.10.v20130312
INFO  [2014-04-12 20:56:21,132] com.sun.jersey.server.impl.application.WebApplicationImpl: Initiating Jersey application, version 'Jersey: 1.17.1 02/28/2013 12:47 PM'
INFO  [2014-04-12 20:56:21,207] com.yammer.dropwizard.config.Environment: The following paths were found for the configured resources:

    DELETE  /sms-voting/v1/admin/polls/{id} (edu.sjsu.cmpe.voting.resources.ModeratorPollResource)
    GET     /sms-voting/v1/admin/polls (edu.sjsu.cmpe.voting.resources.ModeratorPollResource)
    GET     /sms-voting/v1/admin/polls/{id} (edu.sjsu.cmpe.voting.resources.ModeratorPollResource)
    POST    /sms-voting/v1/admin/polls (edu.sjsu.cmpe.voting.resources.ModeratorPollResource)
    GET     /sms-voting/v1/user/polls (edu.sjsu.cmpe.voting.resources.UserPollResource)
    GET     /sms-voting/v1/user/polls/{id} (edu.sjsu.cmpe.voting.resources.UserPollResource)
    PUT     /sms-voting/v1/user/polls/{id} (edu.sjsu.cmpe.voting.resources.UserPollResource)
    GET     /sms-voting/ (edu.sjsu.cmpe.voting.ui.resources.UserResource)

INFO  [2014-04-12 20:56:21,207] com.yammer.dropwizard.config.Environment: tasks = 

    POST    /tasks/gc (com.yammer.dropwizard.tasks.GarbageCollectionTask)

INFO  [2014-04-12 20:56:21,608] org.eclipse.jetty.server.AbstractConnector: Started InstrumentedBlockingChannelConnector@0.0.0.0:8080
INFO  [2014-04-12 20:56:21,614] org.eclipse.jetty.server.AbstractConnector: Started SocketConnector@0.0.0.0:8081
INFO  [2014-04-12 20:56:32,800] com.sun.jersey.api.container.filter.LoggingFilter: 1 * Server in-bound request
1 > POST http://localhost:8080/sms-voting/v1/admin/polls
1 > Host: localhost:8080
1 > Accept: */*
1 > Postman-Token: a81e429b-689b-b24d-0757-1aae5ffabb2a
1 > Content-Length: 129
1 > Content-Type: application/json
1 > Accept-Language: en-US,en;q=0.8
1 > User-Agent: Mozilla/5.0 (Macintosh; Intel Mac OS X 10_8_5) AppleWebKit/537.36 (KHTML, like Gecko) Chrome/33.0.1750.152 Safari/537.36
1 > Connection: keep-alive
1 > Cache-Control: no-cache
1 > Accept-Encoding: gzip,deflate,sdch
1 > Origin: chrome-extension://fhbjgbiflinjbdggehcddcbncdddomop
1 > 
{
 "question" : "What is your favorite drink?",
 "choices" : [
         { "option" : "Water" },
         {"option" : "Juice"} ]
}

INFO  [2014-04-12 20:56:32,931] com.sun.jersey.api.container.filter.LoggingFilter: 1 * Server out-bound response
1 < 200
1 < Content-Type: application/json
1 < 
{"polls":[{"rel":"view-all-polls","href":"/polls","method":"GET"},{"rel":"view-poll","href":"/polls/3122","method":"GET"}]}

INFO  [2014-04-12 20:56:46,793] com.sun.jersey.api.container.filter.LoggingFilter: 2 * Server in-bound request
2 > GET http://localhost:8080/sms-voting/v1/admin/polls/3122
2 > Host: localhost:8080
2 > Accept: */*
2 > Postman-Token: da8e502f-a7bf-9eba-e93f-06207329033e
2 > Content-Type: application/json
2 > Accept-Language: en-US,en;q=0.8
2 > User-Agent: Mozilla/5.0 (Macintosh; Intel Mac OS X 10_8_5) AppleWebKit/537.36 (KHTML, like Gecko) Chrome/33.0.1750.152 Safari/537.36
2 > Connection: keep-alive
2 > Cache-Control: no-cache
2 > Accept-Encoding: gzip,deflate,sdch
2 > 

INFO  [2014-04-12 20:56:46,809] com.sun.jersey.api.container.filter.LoggingFilter: 2 * Server out-bound response
2 < 200
2 < Content-Type: application/json
2 < 
{"Poll":{"id":"3122","question":"What is your favorite drink?","choices":[{"option":"Juice","count":0},{"option":"Water","count":0}],"start":null,"end":null}}

INFO  [2014-04-12 20:57:14,764] com.sun.jersey.api.container.filter.LoggingFilter: 3 * Server in-bound request
3 > POST http://localhost:8080/sms-voting/v1/admin/polls
3 > Host: localhost:8080
3 > Accept: */*
3 > Postman-Token: 12d7f6b2-dcb2-423a-6b83-241a01d48765
3 > Content-Length: 157
3 > Content-Type: application/json
3 > Accept-Language: en-US,en;q=0.8
3 > User-Agent: Mozilla/5.0 (Macintosh; Intel Mac OS X 10_8_5) AppleWebKit/537.36 (KHTML, like Gecko) Chrome/33.0.1750.152 Safari/537.36
3 > Connection: keep-alive
3 > Cache-Control: no-cache
3 > Accept-Encoding: gzip,deflate,sdch
3 > Origin: chrome-extension://fhbjgbiflinjbdggehcddcbncdddomop
3 > 
{
 "question" : "What is your favorite color?",
 "choices" : [
         { "option" : "Red" },
         {"option" : "White"},
   { "option" : "Red" }
   	 ]
}

INFO  [2014-04-12 20:57:14,766] com.sun.jersey.api.container.filter.LoggingFilter: 3 * Server out-bound response
3 < 200
3 < Content-Type: application/json
3 < 
{"polls":[{"rel":"view-all-polls","href":"/polls","method":"GET"},{"rel":"view-poll","href":"/polls/3150","method":"GET"}]}

INFO  [2014-04-12 20:57:27,688] com.sun.jersey.api.container.filter.LoggingFilter: 4 * Server in-bound request
4 > GET http://localhost:8080/sms-voting/v1/admin/polls/3150
4 > Host: localhost:8080
4 > Accept: */*
4 > Postman-Token: c855842c-8087-4901-1437-fe3234943ef4
4 > Content-Type: application/json
4 > Accept-Language: en-US,en;q=0.8
4 > User-Agent: Mozilla/5.0 (Macintosh; Intel Mac OS X 10_8_5) AppleWebKit/537.36 (KHTML, like Gecko) Chrome/33.0.1750.152 Safari/537.36
4 > Connection: keep-alive
4 > Cache-Control: no-cache
4 > Accept-Encoding: gzip,deflate,sdch
4 > 

INFO  [2014-04-12 20:57:27,689] com.sun.jersey.api.container.filter.LoggingFilter: 4 * Server out-bound response
4 < 200
4 < Content-Type: application/json
4 < 
{"Poll":{"id":"3150","question":"What is your favorite color?","choices":[{"option":"Red","count":0},{"option":"White","count":0},{"option":"Red","count":0}],"start":null,"end":null}}

INFO  [2014-04-12 20:59:46,461] com.sun.jersey.api.container.filter.LoggingFilter: 5 * Server in-bound request
5 > POST http://localhost:8080/sms-voting/v1/admin/polls
5 > Host: localhost:8080
5 > Accept: */*
5 > Postman-Token: c0e45a55-02fd-660d-46c2-b9f6c3f001c9
5 > Content-Length: 187
5 > Content-Type: application/json
5 > Accept-Language: en-US,en;q=0.8
5 > User-Agent: Mozilla/5.0 (Macintosh; Intel Mac OS X 10_8_5) AppleWebKit/537.36 (KHTML, like Gecko) Chrome/33.0.1750.152 Safari/537.36
5 > Connection: keep-alive
5 > Cache-Control: no-cache
5 > Accept-Encoding: gzip,deflate,sdch
5 > Origin: chrome-extension://fhbjgbiflinjbdggehcddcbncdddomop
5 > 
{
 "question" : "What is your favorite food?",
 "choices" : [
         { "option" : "Rice" },
         {"option" : "Chappathy"},
   { "option" : "Ice" }
   	 ],
  "start" : "12-01-2018"
}

INFO  [2014-04-12 20:59:46,471] com.sun.jersey.api.container.filter.LoggingFilter: 5 * Server out-bound response
5 < 400
5 < Content-Type: text/html
5 < 
<html>
<head>
<meta http-equiv="Content-Type" content="text/html; charset=ISO-8859-1"/>
<title>Error 400 Can not construct instance of java.util.Date from String value '12-01-2018': not a valid representation (error: Failed to parse Date value '12-01-2018': Can not parse date "12-01-2018": not compatible with any of standard forms ("yyyy-MM-dd'T'HH:mm:ss.SSSZ", "yyyy-MM-dd'T'HH:mm:ss.SSS'Z'", "EEE, dd MMM yyyy HH:mm:ss zzz", "yyyy-MM-dd"))</title>
</head>
<body><h2>HTTP ERROR 400</h2>
<p>Problem accessing /sms-voting/v1/admin/polls. Reason:
<pre>    Can not construct instance of java.util.Date from String value '12-01-2018': not a valid representation (error: Failed to parse Date value '12-01-2018': Can not parse date "12-01-2018": not compatible with any of standard forms ("yyyy-MM-dd'T'HH:mm:ss.SSSZ", "yyyy-MM-dd'T'HH:mm:ss.SSS'Z'", "EEE, dd MMM yyyy HH:mm:ss zzz", "yyyy-MM-dd"))</pre></p><br/>                                                
<br/>                                                
<br/>                                                
<br/>                                                
<br/>                                                
<br/>                                                
<br/>                                                
<br/>                                                
<br/>                                                
<br/>                                                
<br/>                                                
<br/>                                                
<br/>                                                
<br/>                                                
<br/>                                                
<br/>                                                
<br/>                                                
<br/>                                                
<br/>                                                
<br/>                                                

</body>
</html>


INFO  [2014-04-12 21:00:22,164] com.sun.jersey.api.container.filter.LoggingFilter: 6 * Server in-bound request
6 > POST http://localhost:8080/sms-voting/v1/admin/polls
6 > Host: localhost:8080
6 > Accept: */*
6 > Postman-Token: a4444eba-9847-79da-cc0f-9ca82c8d281b
6 > Content-Length: 187
6 > Content-Type: application/json
6 > Accept-Language: en-US,en;q=0.8
6 > User-Agent: Mozilla/5.0 (Macintosh; Intel Mac OS X 10_8_5) AppleWebKit/537.36 (KHTML, like Gecko) Chrome/33.0.1750.152 Safari/537.36
6 > Connection: keep-alive
6 > Cache-Control: no-cache
6 > Accept-Encoding: gzip,deflate,sdch
6 > Origin: chrome-extension://fhbjgbiflinjbdggehcddcbncdddomop
6 > 
{
 "question" : "What is your favorite food?",
 "choices" : [
         { "option" : "Rice" },
         {"option" : "Chappathy"},
   { "option" : "Ice" }
   	 ],
  "start" : "2018-12-01"
}

INFO  [2014-04-12 21:00:22,167] com.sun.jersey.api.container.filter.LoggingFilter: 6 * Server out-bound response
6 < 200
6 < Content-Type: application/json
6 < 
{"polls":[{"rel":"view-all-polls","href":"/polls","method":"GET"},{"rel":"view-poll","href":"/polls/8199","method":"GET"}]}

INFO  [2014-04-12 21:00:41,866] com.sun.jersey.api.container.filter.LoggingFilter: 7 * Server in-bound request
7 > GET http://localhost:8080/sms-voting/v1/admin/polls
7 > Host: localhost:8080
7 > Accept: */*
7 > Postman-Token: 7c8c2666-f960-2814-011c-3ac905786adc
7 > Content-Type: application/json
7 > Accept-Language: en-US,en;q=0.8
7 > User-Agent: Mozilla/5.0 (Macintosh; Intel Mac OS X 10_8_5) AppleWebKit/537.36 (KHTML, like Gecko) Chrome/33.0.1750.152 Safari/537.36
7 > Connection: keep-alive
7 > Cache-Control: no-cache
7 > Accept-Encoding: gzip,deflate,sdch
7 > 

INFO  [2014-04-12 21:00:41,868] com.sun.jersey.api.container.filter.LoggingFilter: 7 * Server out-bound response
7 < 200
7 < Content-Type: application/json
7 < 
{"Links":[{"rel":"view-poll","href":"/polls/3150","method":"GET"},{"rel":"view-poll","href":"/polls/3122","method":"GET"},{"rel":"view-poll","href":"/polls/8199","method":"GET"}],"Questions":{"8199":"What is your favorite food?","3150":"What is your favorite color?","3122":"What is your favorite drink?"}}

INFO  [2014-04-12 21:13:46,996] org.eclipse.jetty.server.Server: Graceful shutdown SocketConnector@0.0.0.0:8081
INFO  [2014-04-12 21:13:46,998] org.eclipse.jetty.server.Server: Graceful shutdown InstrumentedBlockingChannelConnector@0.0.0.0:8080
INFO  [2014-04-12 21:13:46,998] org.eclipse.jetty.server.Server: Graceful shutdown o.e.j.s.ServletContextHandler{/,null}
INFO  [2014-04-12 21:13:46,998] org.eclipse.jetty.server.Server: Graceful shutdown o.e.j.s.ServletContextHandler{/,file:/Users/minu/Documents/workspace-sts-3.4.0.RELEASE/sms-voting-service/target/classes/}
INFO  [2014-04-12 21:13:49,050] org.eclipse.jetty.server.handler.ContextHandler: stopped o.e.j.s.ServletContextHandler{/,file:/Users/minu/Documents/workspace-sts-3.4.0.RELEASE/sms-voting-service/target/classes/}
INFO  [2014-04-12 21:13:49,051] org.eclipse.jetty.server.handler.ContextHandler: stopped o.e.j.s.ServletContextHandler{/,null}
